#
# There is insufficient memory for the Java Runtime Environment to continue.
# Native memory allocation (malloc) failed to allocate 1048576 bytes for AllocateHeap
# Possible reasons:
#   The system is out of physical RAM or swap space
#   The process is running with CompressedOops enabled, and the Java Heap may be blocking the growth of the native heap
# Possible solutions:
#   Reduce memory load on the system
#   Increase physical memory or swap space
#   Check if swap backing store is full
#   Decrease Java heap size (-Xmx/-Xms)
#   Decrease number of Java threads
#   Decrease Java thread stack sizes (-Xss)
#   Set larger code cache with -XX:ReservedCodeCacheSize=
#   JVM is running with Zero Based Compressed Oops mode in which the Java heap is
#     placed in the first 32GB address space. The Java Heap base address is the
#     maximum limit for the native heap growth. Please use -XX:HeapBaseMinAddress
#     to set the Java Heap base and to place the Java Heap above 32GB virtual address.
# This output file may be truncated or incomplete.
#
#  Out of Memory Error (memory/allocation.inline.hpp:61), pid=20944, tid=0x0000000000000590
#
# JRE version:  (8.0_282-b08) (build )
# Java VM: OpenJDK 64-Bit Server VM (25.282-b08 mixed mode windows-amd64 compressed oops)
# Failed to write core dump. Minidumps are not enabled by default on client versions of Windows
#

---------------  T H R E A D  ---------------

Current thread (0x000001e28de7b000):  JavaThread "Unknown thread" [_thread_in_vm, id=1424, stack(0x0000009816000000,0x0000009816100000)]

Stack: [0x0000009816000000,0x0000009816100000]
[error occurred during error reporting (printing stack bounds), id 0xc0000005]

Native frames: (J=compiled Java code, j=interpreted, Vv=VM code, C=native code)


---------------  P R O C E S S  ---------------

Java Threads: ( => current thread )

Other Threads:

=>0x000001e28de7b000 (exited) JavaThread "Unknown thread" [_thread_in_vm, id=1424, stack(0x0000009816000000,0x0000009816100000)]

VM state:not at safepoint (normal execution)

VM Mutex/Monitor currently owned by a thread: None

heap address: 0x00000006c2400000, size: 4060 MB, Compressed Oops mode: Zero based, Oop shift amount: 3
Narrow klass base: 0x0000000000000000, Narrow klass shift: 3
Compressed class space size: 1073741824 Address: 0x00000007c0000000

Heap:
 PSYoungGen      total 75776K, used 1300K [0x000000076b700000, 0x0000000770b80000, 0x00000007c0000000)
  eden space 65024K, 2% used [0x000000076b700000,0x000000076b8451f8,0x000000076f680000)
  from space 10752K, 0% used [0x0000000770100000,0x0000000770100000,0x0000000770b80000)
  to   space 10752K, 0% used [0x000000076f680000,0x000000076f680000,0x0000000770100000)
 ParOldGen       total 173568K, used 0K [0x00000006c2400000, 0x00000006ccd80000, 0x000000076b700000)
  object space 173568K, 0% used [0x00000006c2400000,0x00000006c2400000,0x00000006ccd80000)
 Metaspace       used 783K, capacity 4480K, committed 4480K, reserved 1056768K
  class space    used 76K, capacity 384K, committed 384K, reserved 1048576K

Card table byte_map: [0x000001e29eb70000,0x000001e29f360000] byte_map_base: 0x000001e29b55e000

Marking Bits: (ParMarkBitMap*) 0x00000000766e0890
 Begin Bits: [0x000001e29f8b0000, 0x000001e2a3820000)
 End Bits:   [0x000001e2a3820000, 0x000001e2a7790000)

Polling page: 0x000001e28df50000

CodeCache: size=245760Kb used=329Kb max_used=329Kb free=245430Kb
 bounds [0x000001e28f7b0000, 0x000001e28fa20000, 0x000001e29e7b0000]
 total_blobs=59 nmethods=0 adapters=40
 compilation: enabled

Compilation events (0 events):
No events

GC Heap History (0 events):
No events

Deoptimization events (0 events):
No events

Classes redefined (0 events):
No events

Internal exceptions (0 events):
No events

Events (10 events):
Event: 0.018 loading class java/lang/Short
Event: 0.018 loading class java/lang/Short done
Event: 0.018 loading class java/lang/Integer
Event: 0.018 loading class java/lang/Integer done
Event: 0.018 loading class java/lang/Long
Event: 0.018 loading class java/lang/Long done
Event: 0.018 loading class java/lang/NullPointerException
Event: 0.018 loading class java/lang/NullPointerException done
Event: 0.018 loading class java/lang/ArithmeticException
Event: 0.018 loading class java/lang/ArithmeticException done


Dynamic libraries:
0x00007ff6c48e0000 - 0x00007ff6c491a000 	C:\Users\89611\.jdks\corretto-1.8.0_282\bin\java.exe
0x00007ffc1a550000 - 0x00007ffc1a745000 	C:\Windows\SYSTEM32\ntdll.dll
0x00007ffc197b0000 - 0x00007ffc1986d000 	C:\Windows\System32\KERNEL32.DLL
0x00007ffc17eb0000 - 0x00007ffc18178000 	C:\Windows\System32\KERNELBASE.dll
0x00007ffc189f0000 - 0x00007ffc18a9c000 	C:\Windows\System32\ADVAPI32.dll
0x00007ffc19c00000 - 0x00007ffc19c9e000 	C:\Windows\System32\msvcrt.dll
0x00007ffc18d70000 - 0x00007ffc18e0b000 	C:\Windows\System32\sechost.dll
0x00007ffc18f10000 - 0x00007ffc1903b000 	C:\Windows\System32\RPCRT4.dll
0x00007ffc19a60000 - 0x00007ffc19c00000 	C:\Windows\System32\USER32.dll
0x00007ffc17d30000 - 0x00007ffc17d52000 	C:\Windows\System32\win32u.dll
0x00007ffc18e10000 - 0x00007ffc18e3a000 	C:\Windows\System32\GDI32.dll
0x00007ffc18420000 - 0x00007ffc1852b000 	C:\Windows\System32\gdi32full.dll
0x00007ffc17c90000 - 0x00007ffc17d2d000 	C:\Windows\System32\msvcp_win.dll
0x00007ffc17db0000 - 0x00007ffc17eb0000 	C:\Windows\System32\ucrtbase.dll
0x00007ffbfef80000 - 0x00007ffbff21a000 	C:\Windows\WinSxS\amd64_microsoft.windows.common-controls_6595b64144ccf1df_6.0.19041.844_none_ca00b6081b84eb1d\COMCTL32.dll
0x00007ffc199b0000 - 0x00007ffc199e0000 	C:\Windows\System32\IMM32.DLL
0x00007ffbe08f0000 - 0x00007ffbe09df000 	C:\Users\89611\.jdks\corretto-1.8.0_282\jre\bin\msvcr120.dll
0x00007ffbe1890000 - 0x00007ffbe1936000 	C:\Users\89611\.jdks\corretto-1.8.0_282\jre\bin\msvcp120.dll
0x0000000075ef0000 - 0x000000007675f000 	C:\Users\89611\.jdks\corretto-1.8.0_282\jre\bin\server\jvm.dll
0x00007ffc18e40000 - 0x00007ffc18e48000 	C:\Windows\System32\PSAPI.DLL
0x00007ffbfec50000 - 0x00007ffbfec77000 	C:\Windows\SYSTEM32\WINMM.dll
0x00007ffc02210000 - 0x00007ffc02219000 	C:\Windows\SYSTEM32\WSOCK32.dll
0x00007ffc11e70000 - 0x00007ffc11e7a000 	C:\Windows\SYSTEM32\VERSION.dll
0x00007ffc188c0000 - 0x00007ffc1892b000 	C:\Windows\System32\WS2_32.dll
0x00007ffc10bd0000 - 0x00007ffc10bdf000 	C:\Users\89611\.jdks\corretto-1.8.0_282\jre\bin\verify.dll
0x00007ffc0f260000 - 0x00007ffc0f289000 	C:\Users\89611\.jdks\corretto-1.8.0_282\jre\bin\java.dll
0x00007ffbf9f00000 - 0x00007ffbf9f2a000 	C:\Users\89611\.jdks\corretto-1.8.0_282\jre\bin\instrument.dll
0x00007ffc0ae00000 - 0x00007ffc0ae16000 	C:\Users\89611\.jdks\corretto-1.8.0_282\jre\bin\zip.dll

VM Arguments:
jvm_args: -javaagent:C:\Program Files\JetBrains\IntelliJ IDEA Community Edition 2020.3.2\lib\idea_rt.jar=63379:C:\Program Files\JetBrains\IntelliJ IDEA Community Edition 2020.3.2\bin -Dfile.encoding=UTF-8 
java_command: sample.Main
java_class_path (initial): C:\Users\89611\.jdks\corretto-1.8.0_282\jre\lib\charsets.jar;C:\Users\89611\.jdks\corretto-1.8.0_282\jre\lib\ext\access-bridge-64.jar;C:\Users\89611\.jdks\corretto-1.8.0_282\jre\lib\ext\cldrdata.jar;C:\Users\89611\.jdks\corretto-1.8.0_282\jre\lib\ext\dnsns.jar;C:\Users\89611\.jdks\corretto-1.8.0_282\jre\lib\ext\jaccess.jar;C:\Users\89611\.jdks\corretto-1.8.0_282\jre\lib\ext\jfxrt.jar;C:\Users\89611\.jdks\corretto-1.8.0_282\jre\lib\ext\localedata.jar;C:\Users\89611\.jdks\corretto-1.8.0_282\jre\lib\ext\nashorn.jar;C:\Users\89611\.jdks\corretto-1.8.0_282\jre\lib\ext\sunec.jar;C:\Users\89611\.jdks\corretto-1.8.0_282\jre\lib\ext\sunjce_provider.jar;C:\Users\89611\.jdks\corretto-1.8.0_282\jre\lib\ext\sunmscapi.jar;C:\Users\89611\.jdks\corretto-1.8.0_282\jre\lib\ext\sunpkcs11.jar;C:\Users\89611\.jdks\corretto-1.8.0_282\jre\lib\ext\zipfs.jar;C:\Users\89611\.jdks\corretto-1.8.0_282\jre\lib\jce.jar;C:\Users\89611\.jdks\corretto-1.8.0_282\jre\lib\jfr.jar;C:\Users\89611\.jdks\corretto-1.8.0_282\jre\lib\jfxswt.jar;C:\Users\89611\.jdks\corretto-1.8.0_282\jre\lib\jsse.jar;C:\Users\89611\.jdks\corretto-1.8.0_282\jre\lib\management-agent.jar;C:\Users\89611\.jdks\corretto-1.8.0_282\jre\lib\resources.jar;C:\Users\89611\.jdks\corretto-1.8.0_282\jre\lib\rt.jar;C:\Users\89611\IdeaProjects\15Puzzle\out\production\15Puzzle;C:\Program Files\JetBrains\IntelliJ IDEA Community Edition 2020.3.2\lib\idea_rt.jar
Launcher Type: SUN_STANDARD

Environment Variables:
PATH=C:\Program Files\Microsoft MPI\Bin\;C:\Program Files (x86)\Common Files\Oracle\Java\javapath;C:\ProgramData\Oracle\Java\javapath;C:\Windows\system32;C:\Windows;C:\Windows\System32\Wbem;C:\Windows\System32\WindowsPowerShell\v1.0\;C:\Windows\System32\OpenSSH\;C:\Program Files\NVIDIA Corporation\NVIDIA NvDLISR;C:\Program Files (x86)\NVIDIA Corporation\PhysX\Common;C:\Program Files\dotnet\;C:\Program Files\Git\cmd;C:\Users\89611\AppData\Local\Microsoft\WindowsApps;C:\Users\89611\.dotnet\tools
USERNAME=89611
OS=Windows_NT
PROCESSOR_IDENTIFIER=Intel64 Family 6 Model 158 Stepping 13, GenuineIntel



---------------  S Y S T E M  ---------------

OS: Windows 10.0 , 64 bit Build 19041 (10.0.19041.928)

CPU:total 12 (initial active 12) (6 cores per cpu, 2 threads per core) family 6 model 158 stepping 13, cmov, cx8, fxsr, mmx, sse, sse2, sse3, ssse3, sse4.1, sse4.2, popcnt, avx, avx2, aes, clmul, erms, 3dnowpref, lzcnt, ht, tsc, tscinvbit, bmi1, bmi2, adx

Memory: 4k page, physical 16625608k(2810776k free), swap 24817608k(5840k free)

vm_info: OpenJDK 64-Bit Server VM (25.282-b08) for windows-amd64 JRE (1.8.0_282-b08), built on Jan 14 2021 22:12:08 by "Administrator" with MS VC++ 12.0 (VS2013)

time: Sun Jun 06 15:25:19 2021
timezone: RTZ 2 (ceia)
elapsed time: 0.021433 seconds (0d 0h 0m 0s)

